<?xml version="1.0" encoding="UTF-8"?>
<!-- Generated by org.testng.reporters.JUnitReportReporter -->
<testsuite hostname="GK2206L17" failures="0" tests="3" name="tests.LoginTests" time="11.598" errors="0" timestamp="2023-06-04T23:14:34 ICT" skipped="0">
  <testcase classname="tests.LoginTests" name="validLoginTest_Successfully" time="2.875"/>
  <system-out/>
  <testcase classname="tests.LoginTests" name="invalidLoginTest_LockedOut" time="5.772"/>
  <system-out/>
  <testcase classname="tests.LoginTests" name="validLoginTest_ProblemUser" time="2.951"/>
  <system-out/>
</testsuite> <!-- tests.LoginTests -->
